<?xml version="1.0" encoding="UTF-8"?>
<testsuite name="dk.howards.assignments.dataclass.CarFactoryTest" tests="3" skipped="0" failures="0" errors="0" timestamp="2022-12-22T09:00:05" hostname="D44865" time="0.063">
  <properties/>
  <testcase name="enginePriceMissing()" classname="dk.howards.assignments.dataclass.CarFactoryTest" time="0.053"/>
  <testcase name="fabricPriceMissing()" classname="dk.howards.assignments.dataclass.CarFactoryTest" time="0.0"/>
  <testcase name="createCar()" classname="dk.howards.assignments.dataclass.CarFactoryTest" time="0.008"/>
  <system-out><![CDATA[]]></system-out>
  <system-err><![CDATA[]]></system-err>
</testsuite>
